<?xml version="1.0" encoding="UTF-8" ?>
<testsuite errors="0" failures="0" hostname="YUHMA-CN" name="UITestCases.dashboard.UserDashboard" skipped="0" tests="1" time="18.234" timestamp="2017-05-26T03:40:21">
  <properties>
    <property name="java.vendor" value="Oracle Corporation" />
    <property name="env.USERDOMAIN_ROAMINGPROFILE" value="YUHMA-CN" />
    <property name="env.DEFLOGDIR" value="C:\ProgramData\McAfee\DesktopProtection" />
    <property name="sun.java.launcher" value="SUN_STANDARD" />
    <property name="env.OATS_HOME" value="C:\OracleATS" />
    <property name="eclipse.pdebuild.templates" value="/D:/Software/eclipse-jee-mars-R-win32-x86_64/eclipse/plugins/org.eclipse.pde.build_3.9.100.v20150521-1524/templates/" />
    <property name="sun.management.compiler" value="HotSpot 64-Bit Tiered Compilers" />
    <property name="env.PROMPT" value="$P$G" />
    <property name="os.name" value="Windows 7" />
    <property name="env.FP_NO_HOST_CHECK" value="NO" />
    <property name="sun.boot.class.path" value="C:\Program Files\Java\jre1.8.0_121\lib\resources.jar;C:\Program Files\Java\jre1.8.0_121\lib\rt.jar;C:\Program Files\Java\jre1.8.0_121\lib\sunrsasign.jar;C:\Program Files\Java\jre1.8.0_121\lib\jsse.jar;C:\Program Files\Java\jre1.8.0_121\lib\jce.jar;C:\Program Files\Java\jre1.8.0_121\lib\charsets.jar;C:\Program Files\Java\jre1.8.0_121\lib\jfr.jar;C:\Program Files\Java\jre1.8.0_121\classes" />
    <property name="env.COMPUTERNAME" value="YUHMA-CN" />
    <property name="env.CommonProgramW6432" value="C:\Program Files\Common Files" />
    <property name="env.DB_USER" value="system" />
    <property name="env.ALLUSERSPROFILE" value="C:\ProgramData" />
    <property name="sun.desktop" value="windows" />
    <property name="java.vm.specification.vendor" value="Oracle Corporation" />
    <property name="ant.home" value="D:\Software\eclipse-jee-mars-R-win32-x86_64\eclipse\plugins\org.apache.ant_1.9.4.v201504302020" />
    <property name="java.runtime.version" value="1.8.0_121-b13" />
    <property name="env.HOMEPATH" value="\Users\yuhma" />
    <property name="user.name" value="yuhma" />
    <property name="env.DB_URL" value="jdbc:oracle:thin:@//localhost:1521/XE" />
    <property name="user.language" value="zh" />
    <property name="env.DB_NAME" value="XE" />
    <property name="env.windows_tracing_flags" value="3" />
    <property name="env.DB_PASS" value="welcome1" />
    <property name="sun.boot.library.path" value="C:\Program Files\Java\jre1.8.0_121\bin" />
    <property name="ant.project.default-target" value="AdminUserLogin" />
    <property name="ant.project.name" value="OMSUIAutomation" />
    <property name="java.version" value="1.8.0_121" />
    <property name="env.PROCESSOR_IDENTIFIER" value="Intel64 Family 6 Model 60 Stepping 3, GenuineIntel" />
    <property name="user.timezone" value="" />
    <property name="env.MW_HOME" value="C:\OracleATS\wls" />
    <property name="env.TEMP" value="C:\Users\yuhma\AppData\Local\Temp" />
    <property name="sun.arch.data.model" value="64" />
    <property name="java.endorsed.dirs" value="C:\Program Files\Java\jre1.8.0_121\lib\endorsed" />
    <property name="env.VSEDEFLOGDIR" value="C:\ProgramData\McAfee\DesktopProtection" />
    <property name="sun.cpu.isalist" value="amd64" />
    <property name="env.HOMEDRIVE" value="C:" />
    <property name="sun.jnu.encoding" value="GBK" />
    <property name="file.encoding.pkg" value="sun.io" />
    <property name="ECLIPSE_HOME" value="../../../../../Software/eclipse-jee-mars-R-win32-x86_64/eclipse/" />
    <property name="file.separator" value="\" />
    <property name="java.specification.name" value="Java Platform API Specification" />
    <property name="java.class.version" value="52.0" />
    <property name="user.country" value="CN" />
    <property name="java.home" value="C:\Program Files\Java\jre1.8.0_121" />
    <property name="env.PSModulePath" value="C:\windows\system32\WindowsPowerShell\v1.0\Modules\" />
    <property name="env.APPDATA" value="C:\Users\yuhma\AppData\Roaming" />
    <property name="env.PUBLIC" value="C:\Users\Public" />
    <property name="env.windows_tracing_logfile" value="C:\BVTBin\Tests\installpackage\csilogfile.log" />
    <property name="java.vm.info" value="mixed mode" />
    <property name="env.ComSpec" value="C:\windows\system32\cmd.exe" />
    <property name="env.OS" value="Windows_NT" />
    <property name="env.CommonProgramFiles" value="C:\Program Files\Common Files" />
    <property name="ant.file" value="D:\OMS\UI0525\migration-services-ui\qa\OMSUIAutomation\buildTest.xml" />
    <property name="os.version" value="6.1" />
    <property name="env.ProgramW6432" value="C:\Program Files" />
    <property name="path.separator" value=";" />
    <property name="java.vm.version" value="25.121-b13" />
    <property name="user.variant" value="" />
    <property name="env.USERPROFILE" value="C:\Users\yuhma" />
    <property name="ant.library.dir" value="D:\Software\eclipse-jee-mars-R-win32-x86_64\eclipse\plugins\org.apache.ant_1.9.4.v201504302020\lib" />
    <property name="junit.output.dir" value="junit" />
    <property name="env.JAVA_HOME" value="C:\Program Files\Java\jdk1.8.0_112" />
    <property name="java.awt.printerjob" value="sun.awt.windows.WPrinterJob" />
    <property name="env.TMP" value="C:\Users\yuhma\AppData\Local\Temp" />
    <property name="sun.io.unicode.encoding" value="UnicodeLittle" />
    <property name="awt.toolkit" value="sun.awt.windows.WToolkit" />
    <property name="ant.file.OMSUIAutomation" value="D:\OMS\UI0525\migration-services-ui\qa\OMSUIAutomation\buildTest.xml" />
    <property name="user.script" value="" />
    <property name="eclipse.pdebuild.scripts" value="/D:/Software/eclipse-jee-mars-R-win32-x86_64/eclipse/plugins/org.eclipse.pde.build_3.9.100.v20150521-1524/scripts/" />
    <property name="user.home" value="C:\Users\yuhma" />
    <property name="target" value="1.7" />
    <property name="env.ProgramData" value="C:\ProgramData" />
    <property name="env.ProgramFiles(x86)" value="C:\Program Files (x86)" />
    <property name="env.SESSIONNAME" value="Console" />
    <property name="env.DB_HOST" value="localhost" />
    <property name="java.specification.vendor" value="Oracle Corporation" />
    <property name="java.vendor.url" value="http://java.oracle.com/" />
    <property name="java.library.path" value="C:\Program Files\Java\jre1.8.0_121\bin;C:\windows\Sun\Java\bin;C:\windows\system32;C:\windows;C:/Program Files/Java/jdk1.8.0_112/bin/../jre/bin/server;C:/Program Files/Java/jdk1.8.0_112/bin/../jre/bin;C:/Program Files/Java/jdk1.8.0_112/bin/../jre/lib/amd64;C:\OracleATS\oxe\app\oracle\product\11.2.0\server\bin;;C:\windows\system32;C:\windows;C:\windows\System32\Wbem;C:\windows\System32\WindowsPowerShell\v1.0\;C:\Program Files (x86)\VisualSVN Server\bin;C:\Program Files\TortoiseSVN\bin;C:\Program Files\MySQL\MySQL Server 5.1\bin;C:\Program Files\Java\jdk1.8.0_112\bin;D:\Software\apache-ant-1.9.6\bin;C:\Program Files (x86)\QuickTime\QTSystem\;C:\Program Files (x86)\Sikuli\tmplib;C:\opscode\inspec\bin\;C:\apache-maven-3.3.9\bin;C:\Users\yuhma\AppData\Local\Programs\Python\Python36-32\Scripts\;C:\Users\yuhma\AppData\Local\Programs\Python\Python36-32\;D:\Software\eclipse-jee-mars-R-win32-x86_64\eclipse;;." />
    <property name="env.NUMBER_OF_PROCESSORS" value="8" />
    <property name="java.vm.vendor" value="Oracle Corporation" />
    <property name="java.runtime.name" value="Java(TM) SE Runtime Environment" />
    <property name="java.class.path" value="D:\OMS\UI0525\migration-services-ui\qa\OMSUIAutomation\bin;D:\OMS\UI0525\migration-services-ui\qa\OMSUIAutomation\lib\hamcrest-core-1.3.jar;D:\OMS\UI0525\migration-services-ui\qa\OMSUIAutomation\lib\hamcrest-core-1.3-javadoc.jar;D:\OMS\UI0525\migration-services-ui\qa\OMSUIAutomation\lib\hamcrest-core-1.3-sources.jar;D:\OMS\UI0525\migration-services-ui\qa\OMSUIAutomation\lib\junit-4.11.jar;D:\OMS\UI0525\migration-services-ui\qa\OMSUIAutomation\lib\junit-4.11-javadoc.jar;D:\OMS\UI0525\migration-services-ui\qa\OMSUIAutomation\lib\junit-4.11-sources.jar;D:\OMS\UI0525\migration-services-ui\qa\OMSUIAutomation\lib\jsch-0.1.51.jar;D:\OMS\UI0525\migration-services-ui\qa\OMSUIAutomation\lib\log4j-1.2.17.jar;D:\OMS\UI0525\migration-services-ui\qa\OMSUIAutomation\lib\mysql-connector-java-5.1.18-bin.jar;D:\OMS\UI0525\migration-services-ui\qa\OMSUIAutomation\lib\ganymed-ssh2.jar;D:\OMS\UI0525\migration-services-ui\qa\OMSUIAutomation\lib\java-json.jar;D:\OMS\UI0525\migration-services-ui\qa\OMSUIAutomation\lib\javacsv-2.0.jar;D:\OMS\UI0525\migration-services-ui\qa\OMSUIAutomation\lib\jsoup-1.10.2.jar;D:\OMS\UI0525\migration-services-ui\qa\OMSUIAutomation\lib\selenium-server-standalone-3.3.1.jar;D:\Software\eclipse-jee-mars-R-win32-x86_64\eclipse\plugins\org.apache.ant_1.9.4.v201504302020\lib\ant-launcher.jar;D:\Software\eclipse-jee-mars-R-win32-x86_64\eclipse\plugins\org.apache.ant_1.9.4.v201504302020\lib\ant.jar;D:\Software\eclipse-jee-mars-R-win32-x86_64\eclipse\plugins\org.apache.ant_1.9.4.v201504302020\lib\ant-junit.jar;D:\Software\eclipse-jee-mars-R-win32-x86_64\eclipse\plugins\org.apache.ant_1.9.4.v201504302020\lib\ant-junit4.jar" />
    <property name="sun.java.command" value="org.apache.tools.ant.taskdefs.optional.junit.JUnitTestRunner UITestCases.dashboard.UserDashboard skipNonTests=false filtertrace=true haltOnError=false haltOnFailure=false formatter=org.apache.tools.ant.taskdefs.optional.junit.OutErrSummaryJUnitResultFormatter showoutput=false outputtoformatters=true logfailedtests=true threadid=0 logtestlistenerevents=false formatter=org.apache.tools.ant.taskdefs.optional.junit.XMLJUnitResultFormatter,D:\OMS\UI0525\migration-services-ui\qa\OMSUIAutomation\junit\TEST-UITestCases.dashboard.UserDashboard.xml crashfile=D:\OMS\UI0525\migration-services-ui\qa\OMSUIAutomation\junitvmwatcher6582377306867525728.properties propsfile=D:\OMS\UI0525\migration-services-ui\qa\OMSUIAutomation\junit343555595945196150.properties" />
    <property name="ant.version" value="Apache Ant(TM) version 1.9.4 compiled on April 29 2014" />
    <property name="java.vm.specification.name" value="Java Virtual Machine Specification" />
    <property name="env.LOGONSERVER" value="\\YUHMA-CN" />
    <property name="env.windir" value="C:\windows" />
    <property name="java.vm.specification.version" value="1.8" />
    <property name="env.PROCESSOR_ARCHITECTURE" value="AMD64" />
    <property name="sun.os.patch.level" value="Service Pack 1" />
    <property name="sun.cpu.endian" value="little" />
    <property name="debuglevel" value="source,lines,vars" />
    <property name="env.ProgramFiles" value="C:\Program Files" />
    <property name="env.ANT_HOME" value="D:\Software\eclipse-jee-mars-R-win32-x86_64\eclipse\plugins\org.apache.ant_1.9.4.v201504302020" />
    <property name="java.io.tmpdir" value="C:\Users\yuhma\AppData\Local\Temp\" />
    <property name="eclipse.pdebuild.home" value="/D:/Software/eclipse-jee-mars-R-win32-x86_64/eclipse/plugins/org.eclipse.pde.build_3.9.100.v20150521-1524/./" />
    <property name="env.PROCESSOR_REVISION" value="3c03" />
    <property name="env.CommonProgramFiles(x86)" value="C:\Program Files (x86)\Common Files" />
    <property name="java.vendor.url.bug" value="http://bugreport.sun.com/bugreport/" />
    <property name="env.SystemRoot" value="C:\windows" />
    <property name="os.arch" value="amd64" />
    <property name="java.awt.graphicsenv" value="sun.awt.Win32GraphicsEnvironment" />
    <property name="env.WLS_PW" value="welcome1" />
    <property name="env.WL_HOME" value="C:\OracleATS\wls\wlserver" />
    <property name="java.ext.dirs" value="C:\Program Files\Java\jre1.8.0_121\lib\ext;C:\windows\Sun\Java\lib\ext" />
    <property name="user.dir" value="D:\OMS\UI0525\migration-services-ui\qa\OMSUIAutomation" />
    <property name="env.LOCALAPPDATA" value="C:\Users\yuhma\AppData\Local" />
    <property name="line.separator" value="&#xd;&#xa;" />
    <property name="java.vm.name" value="Java HotSpot(TM) 64-Bit Server VM" />
    <property name="env.PATHEXT" value=".COM;.EXE;.BAT;.CMD;.VBS;.VBE;.JS;.JSE;.WSF;.WSH;.MSC" />
    <property name="env.Path" value="C:/Program Files/Java/jdk1.8.0_112/bin/../jre/bin/server;C:/Program Files/Java/jdk1.8.0_112/bin/../jre/bin;C:/Program Files/Java/jdk1.8.0_112/bin/../jre/lib/amd64;C:\OracleATS\oxe\app\oracle\product\11.2.0\server\bin;;C:\windows\system32;C:\windows;C:\windows\System32\Wbem;C:\windows\System32\WindowsPowerShell\v1.0\;C:\Program Files (x86)\VisualSVN Server\bin;C:\Program Files\TortoiseSVN\bin;C:\Program Files\MySQL\MySQL Server 5.1\bin;C:\Program Files\Java\jdk1.8.0_112\bin;D:\Software\apache-ant-1.9.6\bin;C:\Program Files (x86)\QuickTime\QTSystem\;C:\Program Files (x86)\Sikuli\tmplib;C:\opscode\inspec\bin\;C:\apache-maven-3.3.9\bin;C:\Users\yuhma\AppData\Local\Programs\Python\Python36-32\Scripts\;C:\Users\yuhma\AppData\Local\Programs\Python\Python36-32\;D:\Software\eclipse-jee-mars-R-win32-x86_64\eclipse;" />
    <property name="ant.file.type.OMSUIAutomation" value="file" />
    <property name="basedir" value="D:\OMS\UI0525\migration-services-ui\qa\OMSUIAutomation" />
    <property name="env.VISUALSVN_SERVER" value="C:\Program Files (x86)\VisualSVN Server\" />
    <property name="ant.java.version" value="1.8" />
    <property name="ant.core.lib" value="D:\Software\eclipse-jee-mars-R-win32-x86_64\eclipse\plugins\org.apache.ant_1.9.4.v201504302020\lib\ant.jar" />
    <property name="env.USERNAME" value="yuhma" />
    <property name="env.SystemDrive" value="C:" />
    <property name="source" value="1.7" />
    <property name="file.encoding" value="GBK" />
    <property name="env.USERDOMAIN" value="YUHMA-CN" />
    <property name="env.HELPER_SERVICE_PORT" value="7979" />
    <property name="env.DB_PORT" value="1521" />
    <property name="java.specification.version" value="1.8" />
    <property name="ant.project.invoked-targets" value="AdminUserLogin" />
    <property name="env.PROCESSOR_LEVEL" value="6" />
  </properties>
  <testcase classname="UITestCases.dashboard.UserDashboard" name="test" time="8.428" />
  <system-out><![CDATA[11:40:21.295 [main] framework.global.Configuration.init(Configuration.java:63)evel Oracle Migration Service Cloud Auto Initializing...
11:40:21.327 [main] framework.global.Configuration.parseXML(Configuration.java:773)evel Reading omscle Migration Service Cloud server and Hardware info...
11:40:21.328 [main] framework.global.Configuration.parseXML(Configuration.java:803)evel ServerConfig.xml is parsed successfully.
11:40:21.329 [main] framework.global.Configuration.getlibrarydata(Configuration.java:936)evel Set omscSrvConfig successfully.
11:40:21.329 [main] framework.global.Configuration.getdrivedata(Configuration.java:992)evel Set Drives omscDrives[][] successfully.
11:40:21.329 [main] framework.global.Configuration.getvolumedata(Configuration.java:1047)evel Set Volumes omscVolumes[][] successfully.
11:40:21.368 [main] framework.sharedFunctions.Initialize.init(Initialize.java:34)evel OmscAuto Initializing...
11:40:21.370 [main] framework.global.Configuration.init(Configuration.java:63)evel Oracle Migration Service Cloud Auto Initializing...
11:40:21.374 [main] framework.global.Configuration.parseXML(Configuration.java:773)evel Reading omscle Migration Service Cloud server and Hardware info...
11:40:21.374 [main] framework.global.Configuration.parseXML(Configuration.java:803)evel ServerConfig.xml is parsed successfully.
11:40:21.375 [main] framework.global.Configuration.getlibrarydata(Configuration.java:936)evel Set omscSrvConfig successfully.
11:40:21.375 [main] framework.global.Configuration.getdrivedata(Configuration.java:992)evel Set Drives omscDrives[][] successfully.
11:40:21.375 [main] framework.global.Configuration.getvolumedata(Configuration.java:1047)evel Set Volumes omscVolumes[][] successfully.
11:40:21.375 [main] UITestCases.dashboard.UserDashboard.setUpBeforeClass(UserDashboard.java:31)evel Open Oracle Migration Service page:
11:40:31.168 [main] framework.objects.OMSSrvConfig.getUIUserName(OMSSrvConfig.java:108)evel Get UIUserName <demouser1> successfully.
11:40:31.272 [main] framework.objects.OMSSrvConfig.getUIPassword(OMSSrvConfig.java:117)evel Get UIPassword <welcome1> successfully.
11:40:37.480 [main] framework.objects.IBrowser.isUserDashboardPageDisplayed(IBrowser.java:242)evel The User Dashboard Page is displayed.
11:40:37.480 [main] framework.sharedFunctions.Login.verifyLogin(Login.java:65)evel Login to Oracle Migration Service Cloud page successfully.
11:40:37.481 [main] UITestCases.dashboard.UserDashboard.test(UserDashboard.java:59)evel Normal user login success
11:40:38.525 [main] framework.objects.IBrowser.isMyFootprintsDisplayed(IBrowser.java:204)evel The My Footprints Panel is displayed.
11:40:39.569 [main] framework.objects.IBrowser.isDemoTutorialsDisplayed(IBrowser.java:223)evel The Demo Tutorials Panel is displayed.
]]></system-out>
  <system-err><![CDATA[Starting ChromeDriver 2.28.455520 (cc17746adff54984afff480136733114c6b3704b) on port 5596
Only local connections are allowed.
五月 26, 2017 11:40:21 上午 org.openqa.selenium.remote.ProtocolHandshake createSession
信息: Detected dialect: OSS
]]></system-err>
</testsuite>
